STAT SNV HET NA A887R46 chrI # SNV events: 1 
STAT SNV HET NA A887R46 chrI status of events with SNV: 1 
STAT SNV HET NA A887R46 chrI # SNV var: 1 
STAT SNV HET NA A887R46 chrI # SNV het: 1 
STAT SNV HET NA A887R46 chrII # SNV events: 1 
STAT SNV HET NA A887R46 chrII status of events with SNV: 1 
STAT SNV HET NA A887R46 chrII # SNV var: 1 
STAT SNV HET NA A887R46 chrII # SNV het: 1 
STAT InDel HET NA A887R46 chrII # InDel events: 1 
STAT InDel HET NA A887R46 chrII status of events with InDel: 1 
STAT InDel HET NA A887R46 chrII # InDel var: 1 
STAT InDel HET NA A887R46 chrII # InDel het: 0 
STAT InDel HET NA A887R46 chrIII # InDel events: 1 
STAT InDel HET NA A887R46 chrIII status of events with InDel: 1 
STAT InDel HET NA A887R46 chrIII # InDel var: 1 
STAT InDel HET NA A887R46 chrIII # InDel het: 1 
STAT SNV HET NA A887R46 chrIV # SNV events: 1 
STAT SNV HET NA A887R46 chrIV status of events with SNV: 1 
STAT SNV HET NA A887R46 chrIV # SNV var: 16 
STAT SNV HET NA A887R46 chrIV # SNV het: 16 
STAT InDel HET NA A887R46 chrIV # InDel events: 1 
STAT InDel HET NA A887R46 chrIV status of events with InDel: 1 
STAT InDel HET NA A887R46 chrIV # InDel var: 5 
STAT InDel HET NA A887R46 chrIV # InDel het: 3 
STAT SNV HET NA A887R46 chrV # SNV events: 1 
STAT SNV HET NA A887R46 chrV status of events with SNV: 1 
STAT SNV HET NA A887R46 chrV # SNV var: 3 
STAT SNV HET NA A887R46 chrV # SNV het: 3 
STAT InDel HET NA A887R46 chrV # InDel events: 1 
STAT InDel HET NA A887R46 chrV status of events with InDel: 1 
STAT InDel HET NA A887R46 chrV # InDel var: 1 
STAT InDel HET NA A887R46 chrV # InDel het: 1 
STAT SNV HET NA A887R46 chrVI # SNV events: 1 
STAT SNV HET NA A887R46 chrVI status of events with SNV: 1 
STAT SNV HET NA A887R46 chrVI # SNV var: 1 
STAT SNV HET NA A887R46 chrVI # SNV het: 1 
STAT InDel HET NA A887R46 chrVI # InDel events: 1 
STAT InDel HET NA A887R46 chrVI status of events with InDel: 1 
STAT InDel HET NA A887R46 chrVI # InDel var: 1 
STAT InDel HET NA A887R46 chrVI # InDel het: 1 
STAT SNV HET NA A887R46 chrVII # SNV events: 1 
STAT SNV HET NA A887R46 chrVII status of events with SNV: 1 
STAT SNV HET NA A887R46 chrVII # SNV var: 10 
STAT SNV HET NA A887R46 chrVII # SNV het: 9 
STAT InDel HET NA A887R46 chrVII # InDel events: 1 
STAT InDel HET NA A887R46 chrVII status of events with InDel: 1 
STAT InDel HET NA A887R46 chrVII # InDel var: 5 
STAT InDel HET NA A887R46 chrVII # InDel het: 2 
STAT SNV HET NA A887R46 chrVIII # SNV events: 1 
STAT SNV HET NA A887R46 chrVIII status of events with SNV: 1 
STAT SNV HET NA A887R46 chrVIII # SNV var: 2 
STAT SNV HET NA A887R46 chrVIII # SNV het: 2 
STAT InDel HET NA A887R46 chrVIII # InDel events: 1 
STAT InDel HET NA A887R46 chrVIII status of events with InDel: 1 
STAT InDel HET NA A887R46 chrVIII # InDel var: 1 
STAT InDel HET NA A887R46 chrVIII # InDel het: 1 
STAT SNV HET NA A887R46 chrIX # SNV events: 1 
STAT SNV HET NA A887R46 chrIX status of events with SNV: 1 
STAT SNV HET NA A887R46 chrIX # SNV var: 4 
STAT SNV HET NA A887R46 chrIX # SNV het: 4 
STAT InDel HET NA A887R46 chrIX # InDel events: 1 
STAT InDel HET NA A887R46 chrIX status of events with InDel: 1 
STAT InDel HET NA A887R46 chrIX # InDel var: 3 
STAT InDel HET NA A887R46 chrIX # InDel het: 3 
STAT SNV HET NA A887R46 chrX # SNV events: 1 
STAT SNV HET NA A887R46 chrX status of events with SNV: 1 
STAT SNV HET NA A887R46 chrX # SNV var: 7 
STAT SNV HET NA A887R46 chrX # SNV het: 6 
STAT SNV HET NA A887R46 chrXI # SNV events: 1 
STAT SNV HET NA A887R46 chrXI status of events with SNV: 1 
STAT SNV HET NA A887R46 chrXI # SNV var: 2 
STAT SNV HET NA A887R46 chrXI # SNV het: 1 
STAT InDel HET NA A887R46 chrXI # InDel events: 1 
STAT InDel HET NA A887R46 chrXI status of events with InDel: 1 
STAT InDel HET NA A887R46 chrXI # InDel var: 1 
STAT InDel HET NA A887R46 chrXI # InDel het: 1 
STAT SNV HET NA A887R46 chrXII # SNV events: 1 
STAT SNV HET NA A887R46 chrXII status of events with SNV: 1 
STAT SNV HET NA A887R46 chrXII # SNV var: 1 
STAT SNV HET NA A887R46 chrXII # SNV het: 1 
STAT InDel HET NA A887R46 chrXII # InDel events: 1 
STAT InDel HET NA A887R46 chrXII status of events with InDel: 1 
STAT InDel HET NA A887R46 chrXII # InDel var: 1 
STAT InDel HET NA A887R46 chrXII # InDel het: 0 
STAT SNV HET NA A887R46 chrXIII # SNV events: 1 
STAT SNV HET NA A887R46 chrXIII status of events with SNV: 1 
STAT SNV HET NA A887R46 chrXIII # SNV var: 4 
STAT SNV HET NA A887R46 chrXIII # SNV het: 4 
STAT SNV HET NA A887R46 chrXIV # SNV events: 1 
STAT SNV HET NA A887R46 chrXIV status of events with SNV: 1 
STAT SNV HET NA A887R46 chrXIV # SNV var: 5 
STAT SNV HET NA A887R46 chrXIV # SNV het: 4 
STAT InDel HET NA A887R46 chrXIV # InDel events: 1 
STAT InDel HET NA A887R46 chrXIV status of events with InDel: 1 
STAT InDel HET NA A887R46 chrXIV # InDel var: 1 
STAT InDel HET NA A887R46 chrXIV # InDel het: 0 
STAT SNV HET NA A887R46 chrXV # SNV events: 1 
STAT SNV HET NA A887R46 chrXV status of events with SNV: 1 
STAT SNV HET NA A887R46 chrXV # SNV var: 3 
STAT SNV HET NA A887R46 chrXV # SNV het: 3 
STAT InDel HET NA A887R46 chrXV # InDel events: 1 
STAT InDel HET NA A887R46 chrXV status of events with InDel: 1 
STAT InDel HET NA A887R46 chrXV # InDel var: 1 
STAT InDel HET NA A887R46 chrXV # InDel het: 0 
STAT SNV HET NA A887R46 chrXVI # SNV events: 1 
STAT SNV HET NA A887R46 chrXVI status of events with SNV: 1 
STAT SNV HET NA A887R46 chrXVI # SNV var: 4 
STAT SNV HET NA A887R46 chrXVI # SNV het: 4 
STAT InDel HET NA A887R46 chrXVI # InDel events: 1 
STAT InDel HET NA A887R46 chrXVI status of events with InDel: 1 
STAT InDel HET NA A887R46 chrXVI # InDel var: 2 
STAT InDel HET NA A887R46 chrXVI # InDel het: 1 
STAT InDel HET WE A887R46 chrI # InDel events: 1 
STAT InDel HET WE A887R46 chrI status of events with InDel: 1 
STAT InDel HET WE A887R46 chrI # InDel var: 1 
STAT InDel HET WE A887R46 chrI # InDel het: 0 
STAT InDel HET WE A887R46 chrII # InDel events: 1 
STAT InDel HET WE A887R46 chrII status of events with InDel: 1 
STAT InDel HET WE A887R46 chrII # InDel var: 1 
STAT InDel HET WE A887R46 chrII # InDel het: 0 
STAT SNV HET WE A887R46 chrX # SNV events: 1 
STAT SNV HET WE A887R46 chrX status of events with SNV: 1 
STAT SNV HET WE A887R46 chrX # SNV var: 1 
STAT SNV HET WE A887R46 chrX # SNV het: 0 
STAT SNV HET NA A887R47 chrII # SNV events: 1 
STAT SNV HET NA A887R47 chrII status of events with SNV: 1 
STAT SNV HET NA A887R47 chrII # SNV var: 1 
STAT SNV HET NA A887R47 chrII # SNV het: 0 
STAT SNV LOH NA A887R47 chrIII # SNV events: 1 
STAT SNV LOH NA A887R47 chrIII status of events with SNV: 0 
STAT SNV LOH NA A887R47 chrIII # SNV var: 1 
STAT SNV LOH NA A887R47 chrIII # SNV het: 0 
STAT SNV HET NA A887R47 chrIV # SNV events: 1 
STAT SNV HET NA A887R47 chrIV status of events with SNV: 1 
STAT SNV HET NA A887R47 chrIV # SNV var: 4 
STAT SNV HET NA A887R47 chrIV # SNV het: 3 
STAT SNV HET NA A887R47 chrV # SNV events: 1 
STAT SNV HET NA A887R47 chrV status of events with SNV: 1 
STAT SNV HET NA A887R47 chrV # SNV var: 1 
STAT SNV HET NA A887R47 chrV # SNV het: 0 
STAT InDel HET NA A887R47 chrVII # InDel events: 1 
STAT InDel HET NA A887R47 chrVII status of events with InDel: 1 
STAT InDel HET NA A887R47 chrVII # InDel var: 2 
STAT InDel HET NA A887R47 chrVII # InDel het: 1 
STAT InDel HET NA A887R47 chrXI # InDel events: 1 
STAT InDel HET NA A887R47 chrXI status of events with InDel: 1 
STAT InDel HET NA A887R47 chrXI # InDel var: 1 
STAT InDel HET NA A887R47 chrXI # InDel het: 0 
STAT SNV HET WE A887R47 chrVII # SNV events: 1 
STAT SNV HET WE A887R47 chrVII status of events with SNV: 1 
STAT SNV HET WE A887R47 chrVII # SNV var: 1 
STAT SNV HET WE A887R47 chrVII # SNV het: 0 
STAT SNV HET WE A887R47 chrXI # SNV events: 1 
STAT SNV HET WE A887R47 chrXI status of events with SNV: 1 
STAT SNV HET WE A887R47 chrXI # SNV var: 1 
STAT SNV HET WE A887R47 chrXI # SNV het: 0 
STAT SNV HET WE A887R47 chrXIII # SNV events: 1 
STAT SNV HET WE A887R47 chrXIII status of events with SNV: 1 
STAT SNV HET WE A887R47 chrXIII # SNV var: 1 
STAT SNV HET WE A887R47 chrXIII # SNV het: 0 
STAT SNV HET WE A887R47 chrXIV # SNV events: 1 
STAT SNV HET WE A887R47 chrXIV status of events with SNV: 1 
STAT SNV HET WE A887R47 chrXIV # SNV var: 1 
STAT SNV HET WE A887R47 chrXIV # SNV het: 0 
STAT SNV HET NA A887R48 chrI # SNV events: 1 
STAT SNV HET NA A887R48 chrI status of events with SNV: 1 
STAT SNV HET NA A887R48 chrI # SNV var: 1 
STAT SNV HET NA A887R48 chrI # SNV het: 0 
STAT SNV HET NA A887R48 chrII # SNV events: 2 
STAT SNV HET NA A887R48 chrII status of events with SNV: 1,1 
STAT SNV HET NA A887R48 chrII # SNV var: 2 
STAT SNV HET NA A887R48 chrII # SNV het: 1 
STAT SNV LOH NA A887R48 chrIII # SNV events: 1 
STAT SNV LOH NA A887R48 chrIII status of events with SNV: 0 
STAT SNV LOH NA A887R48 chrIII # SNV var: 1 
STAT SNV LOH NA A887R48 chrIII # SNV het: 0 
STAT SNV HET NA A887R48 chrIV # SNV events: 1 
STAT SNV HET NA A887R48 chrIV status of events with SNV: 1 
STAT SNV HET NA A887R48 chrIV # SNV var: 1 
STAT SNV HET NA A887R48 chrIV # SNV het: 0 
STAT SNV HET NA A887R48 chrVII # SNV events: 1 
STAT SNV HET NA A887R48 chrVII status of events with SNV: 1 
STAT SNV HET NA A887R48 chrVII # SNV var: 3 
STAT SNV HET NA A887R48 chrVII # SNV het: 1 
STAT SNV HET NA A887R48 chrX # SNV events: 1 
STAT SNV HET NA A887R48 chrX status of events with SNV: 1 
STAT SNV HET NA A887R48 chrX # SNV var: 1 
STAT SNV HET NA A887R48 chrX # SNV het: 0 
STAT InDel HET NA A887R48 chrXI # InDel events: 1 
STAT InDel HET NA A887R48 chrXI status of events with InDel: 1 
STAT InDel HET NA A887R48 chrXI # InDel var: 1 
STAT InDel HET NA A887R48 chrXI # InDel het: 1 
STAT SNV HET NA A887R48 chrXII # SNV events: 1 
STAT SNV HET NA A887R48 chrXII status of events with SNV: 1 
STAT SNV HET NA A887R48 chrXII # SNV var: 1 
STAT SNV HET NA A887R48 chrXII # SNV het: 0 
STAT InDel HET NA A887R48 chrXIV # InDel events: 1 
STAT InDel HET NA A887R48 chrXIV status of events with InDel: 1 
STAT InDel HET NA A887R48 chrXIV # InDel var: 2 
STAT InDel HET NA A887R48 chrXIV # InDel het: 1 
STAT SNV HET NA A887R48 chrXV # SNV events: 1 
STAT SNV HET NA A887R48 chrXV status of events with SNV: 1 
STAT SNV HET NA A887R48 chrXV # SNV var: 1 
STAT SNV HET NA A887R48 chrXV # SNV het: 0 
STAT SNV HET NA A887R48 chrXVI # SNV events: 1 
STAT SNV HET NA A887R48 chrXVI status of events with SNV: 1 
STAT SNV HET NA A887R48 chrXVI # SNV var: 2 
STAT SNV HET NA A887R48 chrXVI # SNV het: 1 
STAT InDel HET WE A887R48 chrVI # InDel events: 1 
STAT InDel HET WE A887R48 chrVI status of events with InDel: 1 
STAT InDel HET WE A887R48 chrVI # InDel var: 1 
STAT InDel HET WE A887R48 chrVI # InDel het: 0 
STAT SNV HET WE A887R48 chrVII # SNV events: 1 
STAT SNV HET WE A887R48 chrVII status of events with SNV: 1 
STAT SNV HET WE A887R48 chrVII # SNV var: 1 
STAT SNV HET WE A887R48 chrVII # SNV het: 0 
STAT SNV HET WE A887R48 chrXII # SNV events: 1 
STAT SNV HET WE A887R48 chrXII status of events with SNV: 1 
STAT SNV HET WE A887R48 chrXII # SNV var: 1 
STAT SNV HET WE A887R48 chrXII # SNV het: 0 
STAT InDel HET WE A887R48 chrXIV # InDel events: 1 
STAT InDel HET WE A887R48 chrXIV status of events with InDel: 1 
STAT InDel HET WE A887R48 chrXIV # InDel var: 1 
STAT InDel HET WE A887R48 chrXIV # InDel het: 0 
STAT SNV HET WE A887R48 chrXVI # SNV events: 1 
STAT SNV HET WE A887R48 chrXVI status of events with SNV: 1 
STAT SNV HET WE A887R48 chrXVI # SNV var: 1 
STAT SNV HET WE A887R48 chrXVI # SNV het: 0 
STAT SNV HET NA A887R49 chrIV # SNV events: 1 
STAT SNV HET NA A887R49 chrIV status of events with SNV: 1 
STAT SNV HET NA A887R49 chrIV # SNV var: 3 
STAT SNV HET NA A887R49 chrIV # SNV het: 3 
STAT InDel HET NA A887R49 chrIV # InDel events: 1 
STAT InDel HET NA A887R49 chrIV status of events with InDel: 1 
STAT InDel HET NA A887R49 chrIV # InDel var: 2 
STAT InDel HET NA A887R49 chrIV # InDel het: 1 
STAT SNV HET NA A887R49 chrVII # SNV events: 1 
STAT SNV HET NA A887R49 chrVII status of events with SNV: 1 
STAT SNV HET NA A887R49 chrVII # SNV var: 1 
STAT SNV HET NA A887R49 chrVII # SNV het: 0 
STAT SNV HET NA A887R49 chrVIII # SNV events: 1 
STAT SNV HET NA A887R49 chrVIII status of events with SNV: 1 
STAT SNV HET NA A887R49 chrVIII # SNV var: 2 
STAT SNV HET NA A887R49 chrVIII # SNV het: 1 
STAT SNV HET NA A887R49 chrXII # SNV events: 1 
STAT SNV HET NA A887R49 chrXII status of events with SNV: 1 
STAT SNV HET NA A887R49 chrXII # SNV var: 1 
STAT SNV HET NA A887R49 chrXII # SNV het: 0 
STAT InDel HET WE A887R49 chrX # InDel events: 1 
STAT InDel HET WE A887R49 chrX status of events with InDel: 1 
STAT InDel HET WE A887R49 chrX # InDel var: 1 
STAT InDel HET WE A887R49 chrX # InDel het: 0 
STAT SNV LOH WE A887R49 chrXI # SNV events: 1 
STAT SNV LOH WE A887R49 chrXI status of events with SNV: 0 
STAT SNV LOH WE A887R49 chrXI # SNV var: 2 
STAT SNV LOH WE A887R49 chrXI # SNV het: 0 
STAT InDel LOH WE A887R49 chrXI # InDel events: 1 
STAT InDel LOH WE A887R49 chrXI status of events with InDel: 0 
STAT InDel LOH WE A887R49 chrXI # InDel var: 1 
STAT InDel LOH WE A887R49 chrXI # InDel het: 0 
STAT SNV HET WE A887R49 chrXIII # SNV events: 1 
STAT SNV HET WE A887R49 chrXIII status of events with SNV: 1 
STAT SNV HET WE A887R49 chrXIII # SNV var: 2 
STAT SNV HET WE A887R49 chrXIII # SNV het: 0 
Global time 
   user  system elapsed 
  4.309   0.150   4.478 
