Warning: Read 0 lines from A887R46.temp.4.A887R47.vcf.gz, the tabix index may be broken.
 at /opt/tvs/bin/vcf-isec line 21, <__ANONIO__> line 3.
	main::error("Warning: Read 0 lines from A887R46.temp.4.A887R47.vcf.gz, the"...) called at /opt/tvs/bin/vcf-isec line 90
	main::__ANON__("Warning: Read 0 lines from A887R46.temp.4.A887R47.vcf.gz, the"...) called at /opt/tvs/bin/vcf-isec line 289
	main::vcf_isec(HASH(0x5584880bb468)) called at /opt/tvs/bin/vcf-isec line 12
Warning: Read 0 lines from A887R46.temp.4.A887R49.vcf.gz, the tabix index may be broken.
 at /opt/tvs/bin/vcf-isec line 21, <__ANONIO__> line 2.
	main::error("Warning: Read 0 lines from A887R46.temp.4.A887R49.vcf.gz, the"...) called at /opt/tvs/bin/vcf-isec line 90
	main::__ANON__("Warning: Read 0 lines from A887R46.temp.4.A887R49.vcf.gz, the"...) called at /opt/tvs/bin/vcf-isec line 289
	main::vcf_isec(HASH(0x55a43a3b5468)) called at /opt/tvs/bin/vcf-isec line 12
Warning: Read 0 lines from A887R46.temp.4.A887R48.vcf.gz, the tabix index may be broken.
 at /opt/tvs/bin/vcf-isec line 21, <__ANONIO__> line 3.
	main::error("Warning: Read 0 lines from A887R46.temp.4.A887R48.vcf.gz, the"...) called at /opt/tvs/bin/vcf-isec line 90
	main::__ANON__("Warning: Read 0 lines from A887R46.temp.4.A887R48.vcf.gz, the"...) called at /opt/tvs/bin/vcf-isec line 289
	main::vcf_isec(HASH(0x559e318d6468)) called at /opt/tvs/bin/vcf-isec line 12
Warning: Read 0 lines from A887R48.DBVPG6765.vcf.gz, the tabix index may be broken.
 at /opt/tvs/bin/vcf-isec line 21.
	main::error("Warning: Read 0 lines from A887R48.DBVPG6765.vcf.gz, the tabi"...) called at /opt/tvs/bin/vcf-isec line 90
	main::__ANON__("Warning: Read 0 lines from A887R48.DBVPG6765.vcf.gz, the tabi"...) called at /opt/tvs/bin/vcf-isec line 289
	main::vcf_isec(HASH(0x56172f8e7468)) called at /opt/tvs/bin/vcf-isec line 12
Warning: Read 0 lines from A887R46.temp.4.A887R47.DBVPG6765.vcf.gz, the tabix index may be broken.
 at /opt/tvs/bin/vcf-isec line 21, <__ANONIO__> line 10.
	main::error("Warning: Read 0 lines from A887R46.temp.4.A887R47.DBVPG6765.v"...) called at /opt/tvs/bin/vcf-isec line 90
	main::__ANON__("Warning: Read 0 lines from A887R46.temp.4.A887R47.DBVPG6765.v"...) called at /opt/tvs/bin/vcf-isec line 289
	main::vcf_isec(HASH(0x55a6c06ee468)) called at /opt/tvs/bin/vcf-isec line 12
Warning: Read 0 lines from A887R46.temp.4.A887R49.DBVPG6765.vcf.gz, the tabix index may be broken.
 at /opt/tvs/bin/vcf-isec line 21, <__ANONIO__> line 4.
	main::error("Warning: Read 0 lines from A887R46.temp.4.A887R49.DBVPG6765.v"...) called at /opt/tvs/bin/vcf-isec line 90
	main::__ANON__("Warning: Read 0 lines from A887R46.temp.4.A887R49.DBVPG6765.v"...) called at /opt/tvs/bin/vcf-isec line 289
	main::vcf_isec(HASH(0x55e434a2b468)) called at /opt/tvs/bin/vcf-isec line 12
	Command being timed: "bash SubtractHyb.CompMap.sh YPS128 DBVPG6765 A887R46 /home/ltattini/prog/aa-muloydh/bwa-r1"
	User time (seconds): 3.50
	System time (seconds): 3.38
	Percent of CPU this job got: 281%
	Elapsed (wall clock) time (h:mm:ss or m:ss): 0:02.44
	Average shared text size (kbytes): 0
	Average unshared data size (kbytes): 0
	Average stack size (kbytes): 0
	Average total size (kbytes): 0
	Maximum resident set size (kbytes): 10768
	Average resident set size (kbytes): 0
	Major (requiring I/O) page faults: 0
	Minor (reclaiming a frame) page faults: 326338
	Voluntary context switches: 3290
	Involuntary context switches: 142
	Swaps: 0
	File system inputs: 0
	File system outputs: 2280
	Socket messages sent: 0
	Socket messages received: 0
	Signals delivered: 0
	Page size (bytes): 4096
	Exit status: 0
