	Command being timed: "Rscript Annotation.SNV.CompMap.R YPS128 DBVPG6765 NA WE /home/ltattini/prog/aa-muloydh/bwa-r1"
	User time (seconds): 8.90
	System time (seconds): 4.08
	Percent of CPU this job got: 265%
	Elapsed (wall clock) time (h:mm:ss or m:ss): 0:04.89
	Average shared text size (kbytes): 0
	Average unshared data size (kbytes): 0
	Average stack size (kbytes): 0
	Average total size (kbytes): 0
	Maximum resident set size (kbytes): 81960
	Average resident set size (kbytes): 0
	Major (requiring I/O) page faults: 0
	Minor (reclaiming a frame) page faults: 42341
	Voluntary context switches: 252
	Involuntary context switches: 441
	Swaps: 0
	File system inputs: 0
	File system outputs: 2720
	Socket messages sent: 0
	Socket messages received: 0
	Signals delivered: 0
	Page size (bytes): 4096
	Exit status: 0
