
   *****       ***   vcfR   ***       *****
   This is vcfR 1.12.0 
     browseVignettes('vcfR') # Documentation
     citation('vcfR') # Citation
   *****       *****      *****       *****

	Command being timed: "Rscript VariantParser.R /home/ltattini/prog/aa-muloydh/bwa-r1"
	User time (seconds): 6.72
	System time (seconds): 4.28
	Percent of CPU this job got: 380%
	Elapsed (wall clock) time (h:mm:ss or m:ss): 0:02.89
	Average shared text size (kbytes): 0
	Average unshared data size (kbytes): 0
	Average stack size (kbytes): 0
	Average total size (kbytes): 0
	Maximum resident set size (kbytes): 223100
	Average resident set size (kbytes): 0
	Major (requiring I/O) page faults: 0
	Minor (reclaiming a frame) page faults: 82907
	Voluntary context switches: 216
	Involuntary context switches: 61
	Swaps: 0
	File system inputs: 0
	File system outputs: 832
	Socket messages sent: 0
	Socket messages received: 0
	Signals delivered: 0
	Page size (bytes): 4096
	Exit status: 0
